<?xml version="1.0" encoding="UTF-8"?>
<!-- Generated by org.testng.reporters.JUnitReportReporter -->
<testsuite hostname="DESKTOP-1R73UD8" failures="0" tests="1" name="cc1.Test1" time="12.129" errors="0" timestamp="2023-04-13T12:02:27 IST" skipped="0">
  <testcase classname="cc1.Test1" name="Function" time="12.129"/>
  <system-out/>
</testsuite> <!-- cc1.Test1 -->
